<?xml version="1.0" encoding="utf-8"?><testsuites name="pytest tests"><testsuite name="pytest" errors="0" failures="0" skipped="0" tests="18" time="11.153" timestamp="2026-06-04T19:43:35.049963+00:00" hostname="agent-env-05273c3f-c6ad-4e10-9f03-b23e36888c5d"><testcase classname="backend.tests.backend_test.TestHealth" name="test_root" time="0.306" /><testcase classname="backend.tests.backend_test.TestAuth" name="test_login_passenger" time="0.355" /><testcase classname="backend.tests.backend_test.TestAuth" name="test_login_driver" time="0.361" /><testcase classname="backend.tests.backend_test.TestAuth" name="test_login_admin" time="0.390" /><testcase classname="backend.tests.backend_test.TestAuth" name="test_login_invalid" time="0.142" /><testcase classname="backend.tests.backend_test.TestAuth" name="test_me_with_token" time="0.534" /><testcase classname="backend.tests.backend_test.TestAuth" name="test_me_invalid_token" time="0.139" /><testcase classname="backend.tests.backend_test.TestAuth" name="test_register_passenger_and_driver" time="0.759" /><testcase classname="backend.tests.backend_test.TestDriverAvailability" name="test_toggle_and_list" time="1.033" /><testcase classname="backend.tests.backend_test.TestDriverAvailability" name="test_passenger_cannot_set_availability" time="0.659" /><testcase classname="backend.tests.backend_test.TestRideWorkflow" name="test_full_workflow" time="2.158" /><testcase classname="backend.tests.backend_test.TestRideWorkflow" name="test_role_enforcement" time="1.079" /><testcase classname="backend.tests.backend_test.TestRideWorkflow" name="test_mine_endpoint" time="0.964" /><testcase classname="backend.tests.backend_test.TestAnalytics" name="test_driver_analytics" time="0.440" /><testcase classname="backend.tests.backend_test.TestAnalytics" name="test_passenger_analytics" time="0.461" /><testcase classname="backend.tests.backend_test.TestAnalytics" name="test_demand_analytics" time="0.503" /><testcase classname="backend.tests.backend_test.TestWebSocket" name="test_ws_valid_token" time="0.538" /><testcase classname="backend.tests.backend_test.TestWebSocket" name="test_ws_invalid_token" time="0.146" /></testsuite></testsuites>